[SUCCESSFULLY]-[21-03-2025 08:34:37]  aziz edit data candra dengan kode checklist 250315-0001 dan id proses 1001
[SUCCESSFULLY]-[21-03-2025 08:54:51]  romirahman Berhasil Login
[SUCCESSFULLY]-[21-03-2025 08:56:12]  romirahman edit data Target dengan ID 1
[SUCCESSFULLY]-[21-03-2025 09:28:27]  romirahman edit data candra dengan kode checklist 250306-0001 dan id proses 1001
[SUCCESSFULLY]-[21-03-2025 09:28:42]  romirahman Delete Data CANDRA dengan Kode Checklist 250306-0001
[SUCCESSFULLY]-[21-03-2025 09:29:11]  romirahman Delete Data CANDRA dengan Kode Checklist 250306-0001
[SUCCESSFULLY]-[21-03-2025 09:29:43]  romirahman edit data candra dengan kode checklist 250306-0001 dan id proses 1001
[SUCCESSFULLY]-[21-03-2025 09:48:35]  aziz edit data candra dengan kode checklist 240722-0001 dan id proses 1001
[SUCCESSFULLY]-[21-03-2025 09:49:06]  aziz edit data candra dengan kode checklist 250306-0001 dan id proses 1001
[FAILED]-[21-03-2025 09:49:30]  User aziz update database candra !
[FAILED]-[21-03-2025 09:49:42]  User aziz update database candra !
[FAILED]-[21-03-2025 09:50:01]  User aziz update database qty !
[FAILED]-[21-03-2025 09:50:15]  User aziz update database qty !
[SUCCESSFULLY]-[21-03-2025 09:50:19]  User aziz update database qty !
[FAILED]-[21-03-2025 09:50:28]  User aziz update database qty !
[SUCCESSFULLY]-[21-03-2025 09:50:38]  User aziz update database qty !
[FAILED]-[21-03-2025 09:51:39]  User aziz update database qty !
[FAILED]-[21-03-2025 09:51:46]  User aziz update database qty !
[FAILED]-[21-03-2025 09:51:59]  User aziz update database qty !
[SUCCESSFULLY]-[21-03-2025 09:52:02]  User aziz update database qty !
[SUCCESSFULLY]-[21-03-2025 09:52:30]  User aziz update database qty !
[FAILED]-[21-03-2025 09:52:41]  User aziz update database qty !
[FAILED]-[21-03-2025 09:52:44]  User aziz update database qty !
[FAILED]-[21-03-2025 09:52:47]  User aziz update database qty !
[FAILED]-[21-03-2025 09:53:08]  User aziz update database qty !
[SUCCESSFULLY]-[21-03-2025 09:53:11]  User aziz update database qty !
[SUCCESSFULLY]-[21-03-2025 09:57:42]  aziz edit data candra dengan kode checklist 240722-0001 dan id proses 1001
[SUCCESSFULLY]-[21-03-2025 10:05:36]  aziz edit data candra dengan kode checklist 240722-0001 dan id proses 1001
[SUCCESSFULLY]-[21-03-2025 10:08:02]  aziz edit data candra dengan kode checklist 240722-0002 dan id proses 1001
[SUCCESSFULLY]-[21-03-2025 10:08:29]  aziz edit data candra dengan kode checklist 240722-0002 dan id proses 1001
[SUCCESSFULLY]-[21-03-2025 10:27:16]  aziz edit data candra dengan kode checklist 240722-0002 dan id proses 1001
[SUCCESSFULLY]-[21-03-2025 10:27:30]  aziz edit data candra dengan kode checklist 250315-0001 dan id proses 1001
[SUCCESSFULLY]-[21-03-2025 10:27:45]  aziz edit data candra dengan kode checklist 250319-0001 dan id proses 1001
[SUCCESSFULLY]-[21-03-2025 10:29:46]  aziz edit data candra dengan kode checklist 250306-0001 dan id proses 1001
[FAILED]-[21-03-2025 10:30:35]  Gagal menambahkan proses dengan Kode Checklist: 250306-0001 dan ID Proses 1007
[SUCCESSFULLY]-[21-03-2025 10:31:01]  Proses dengan Kode Checklist: 250306-0001 dan ID Proses 1004 telah ditambahkan oleh aziz
[SUCCESSFULLY]-[21-03-2025 10:31:05]  Proses dengan Kode Checklist: 250306-0001 dan ID Proses 1004 telah diselesaikan oleh aziz
[FAILED]-[21-03-2025 10:31:14]  Gagal menambahkan proses dengan Kode Checklist: 231009-0001 dan ID Proses 1007
[SUCCESSFULLY]-[21-03-2025 10:31:26]  Proses dengan Kode Checklist: 250306-0001 dan ID Proses 1007 telah ditambahkan oleh aziz
[SUCCESSFULLY]-[21-03-2025 10:31:29]  Proses dengan Kode Checklist: 250306-0001 dan ID Proses 1007 telah diselesaikan oleh aziz
[SUCCESSFULLY]-[21-03-2025 10:32:04]  Proses dengan Kode Checklist: 240722-0002 dan ID Proses 1002 telah ditambahkan oleh aziz
[SUCCESSFULLY]-[21-03-2025 10:32:06]  Proses dengan Kode Checklist: 240722-0002 dan ID Proses 1002 telah diselesaikan oleh aziz
[SUCCESSFULLY]-[21-03-2025 10:36:47]  aziz edit data candra dengan kode checklist 240722-0002 dan id proses 1001
[SUCCESSFULLY]-[21-03-2025 10:55:36]  aziz edit data candra dengan kode checklist 240722-0002 dan id proses 1001
[SUCCESSFULLY]-[21-03-2025 11:08:13]  aziz edit data candra dengan kode checklist 240722-0002 dan id proses 1001
[SUCCESSFULLY]-[21-03-2025 13:02:39]  aziz edit data candra dengan kode checklist 240722-0001 dan id proses 1001
[SUCCESSFULLY]-[21-03-2025 13:03:01]  aziz edit data candra dengan kode checklist 250315-0001 dan id proses 1001
[SUCCESSFULLY]-[21-03-2025 13:03:21]  aziz edit data candra dengan kode checklist 250306-0001 dan id proses 1001
[FAILED]-[21-03-2025 13:06:15]  User aziz update database qty !
[SUCCESSFULLY]-[21-03-2025 13:08:04]  aziz edit data Target dengan ID 1
[SUCCESSFULLY]-[21-03-2025 13:08:15]  aziz edit data Target dengan ID 3
[SUCCESSFULLY]-[21-03-2025 13:10:15]  aziz edit data Target dengan ID 4
[SUCCESSFULLY]-[21-03-2025 14:03:17]  aziz Berhasil Login
[SUCCESSFULLY]-[22-03-2025 08:29:59]  User aziz update database candra !
[SUCCESSFULLY]-[22-03-2025 08:30:47]  Proses dengan Kode Checklist: 250321-0001 dan ID Proses 1004 telah ditambahkan oleh aziz
[SUCCESSFULLY]-[22-03-2025 08:30:51]  Proses dengan Kode Checklist: 250321-0001 dan ID Proses 1004 telah diselesaikan oleh aziz
[SUCCESSFULLY]-[22-03-2025 08:31:02]  Proses dengan Kode Checklist: 250321-0001 dan ID Proses 1007 telah ditambahkan oleh aziz
[SUCCESSFULLY]-[22-03-2025 08:31:04]  Proses dengan Kode Checklist: 250321-0001 dan ID Proses 1007 telah diselesaikan oleh aziz
[FAILED]-[22-03-2025 08:32:01]  Gagal menambahkan proses dengan Kode Checklist: 250321-0002 dan ID Proses 1007
[SUCCESSFULLY]-[22-03-2025 08:32:21]  Proses dengan Kode Checklist: 250321-0002 dan ID Proses 1004 telah ditambahkan oleh aziz
[FAILED]-[22-03-2025 08:32:45]  Gagal menambahkan proses dengan Kode Checklist: 250321-0002 dan ID Proses 1007
[SUCCESSFULLY]-[22-03-2025 08:32:47]  Proses dengan Kode Checklist: 250321-0002 dan ID Proses 1004 telah diselesaikan oleh aziz
[FAILED]-[22-03-2025 08:32:56]  Gagal menambahkan proses dengan Kode Checklist: 250321-0002 dan ID Proses 1006
[SUCCESSFULLY]-[22-03-2025 08:33:05]  Proses dengan Kode Checklist: 250321-0002 dan ID Proses 1007 telah ditambahkan oleh aziz
[SUCCESSFULLY]-[22-03-2025 08:33:07]  Proses dengan Kode Checklist: 250321-0002 dan ID Proses 1007 telah diselesaikan oleh aziz
[SUCCESSFULLY]-[22-03-2025 08:33:26]  User aziz Export Finishing Checksheet
[SUCCESSFULLY]-[22-03-2025 08:33:33]  User aziz Export QC Checksheet
[SUCCESSFULLY]-[22-03-2025 08:34:43]  romirahman Berhasil Login
[SUCCESSFULLY]-[22-03-2025 08:35:48]  User romirahman Export QC Checksheet
[SUCCESSFULLY]-[22-03-2025 08:37:02]  User aziz update database qty !
[SUCCESSFULLY]-[22-03-2025 08:37:11]  User romirahman Export QC Checksheet
[SUCCESSFULLY]-[22-03-2025 08:37:11]  User romirahman Export QC Checksheet
[SUCCESSFULLY]-[22-03-2025 08:38:23]  User romirahman Export QC Checksheet
[SUCCESSFULLY]-[22-03-2025 08:39:24]  User aziz update database qty !
[SUCCESSFULLY]-[22-03-2025 08:40:30]  User aziz update database qty !
[SUCCESSFULLY]-[22-03-2025 08:42:53]  User aziz update database qty !
[SUCCESSFULLY]-[22-03-2025 08:46:23]  User aziz update database candra !
[SUCCESSFULLY]-[22-03-2025 08:46:44]  aziz edit data candra dengan kode checklist 250321-0001 dan id proses 1003
[SUCCESSFULLY]-[22-03-2025 08:46:53]  aziz edit data candra dengan kode checklist 250321-0002 dan id proses 1003
[SUCCESSFULLY]-[22-03-2025 08:46:57]  User romirahman telah logout
[SUCCESSFULLY]-[22-03-2025 08:47:53]  User aziz update database qty !
[SUCCESSFULLY]-[22-03-2025 08:48:55]  aziz edit data candra dengan kode checklist 250320-0001 dan id proses 1001
[SUCCESSFULLY]-[22-03-2025 08:49:17]  aziz edit data candra dengan kode checklist 250320-0002 dan id proses 1001
[SUCCESSFULLY]-[22-03-2025 08:49:27]  aziz edit data candra dengan kode checklist 250320-0001 dan id proses 1003
[SUCCESSFULLY]-[22-03-2025 08:49:44]  aziz edit data candra dengan kode checklist 250320-0002 dan id proses 1003
[SUCCESSFULLY]-[22-03-2025 08:55:11]  User aziz update database candra !
[SUCCESSFULLY]-[22-03-2025 08:55:24]  User aziz update database qty !
[SUCCESSFULLY]-[22-03-2025 08:55:58]  aziz edit data candra dengan kode checklist 250321-0002 dan id proses 1003
[SUCCESSFULLY]-[22-03-2025 08:58:23]  User aziz update database candra !
[SUCCESSFULLY]-[22-03-2025 08:59:04]  aziz edit data candra dengan kode checklist 250319-0001 dan id proses 1001
[SUCCESSFULLY]-[22-03-2025 08:59:15]  aziz edit data candra dengan kode checklist 250319-0001 dan id proses 1003
[SUCCESSFULLY]-[22-03-2025 08:59:23]  aziz edit data candra dengan kode checklist 250319-0002 dan id proses 1001
[SUCCESSFULLY]-[22-03-2025 08:59:32]  aziz edit data candra dengan kode checklist 250319-0002 dan id proses 1003
[SUCCESSFULLY]-[22-03-2025 09:02:09]  User aziz update database candra !
[SUCCESSFULLY]-[22-03-2025 09:02:41]  Proses dengan Kode Checklist: 250317-0001 dan ID Proses 1004 telah ditambahkan oleh aziz
[SUCCESSFULLY]-[22-03-2025 09:02:43]  Proses dengan Kode Checklist: 250317-0001 dan ID Proses 1004 telah diselesaikan oleh aziz
[SUCCESSFULLY]-[22-03-2025 09:02:52]  Proses dengan Kode Checklist: 250317-0001 dan ID Proses 1007 telah ditambahkan oleh aziz
[SUCCESSFULLY]-[22-03-2025 09:02:54]  Proses dengan Kode Checklist: 250317-0001 dan ID Proses 1007 telah diselesaikan oleh aziz
[SUCCESSFULLY]-[22-03-2025 09:03:13]  Proses dengan Kode Checklist: 250317-0002 dan ID Proses 1004 telah ditambahkan oleh aziz
[SUCCESSFULLY]-[22-03-2025 09:03:23]  Proses dengan Kode Checklist: 250317-0002 dan ID Proses 1004 telah diselesaikan oleh aziz
[FAILED]-[22-03-2025 09:03:30]  Gagal menambahkan proses dengan Kode Checklist: 250317-0002 dan ID Proses 1006
[SUCCESSFULLY]-[22-03-2025 09:03:51]  Proses dengan Kode Checklist: 250317-0002 dan ID Proses 1007 telah ditambahkan oleh aziz
[SUCCESSFULLY]-[22-03-2025 09:04:21]  romirahman Berhasil Login
[SUCCESSFULLY]-[22-03-2025 09:36:26]  Proses dengan Kode Checklist: 250317-0002 dan ID Proses 1007 telah diselesaikan oleh aziz
[SUCCESSFULLY]-[22-03-2025 15:53:54]  aziz Berhasil Login
[SUCCESSFULLY]-[24-03-2025 08:30:06]  aziz Berhasil Login
[SUCCESSFULLY]-[24-03-2025 08:30:42]  romirahman Berhasil Login
[SUCCESSFULLY]-[24-03-2025 09:24:46]  User romirahman telah logout
[SUCCESSFULLY]-[24-03-2025 09:33:33]  romirahman Berhasil Login
[SUCCESSFULLY]-[24-03-2025 13:08:47]  aziz Berhasil Login
[SUCCESSFULLY]-[24-03-2025 13:08:54]  romirahman Berhasil Login
[SUCCESSFULLY]-[24-03-2025 13:08:57]  romirahman Berhasil Login
[SUCCESSFULLY]-[24-03-2025 13:10:32]  romirahman Berhasil Login
[SUCCESSFULLY]-[25-03-2025 20:00:27]  romirahman Berhasil Login
[SUCCESSFULLY]-[26-03-2025 09:05:20]  romirahman Berhasil Login
[SUCCESSFULLY]-[26-03-2025 09:05:30]  User romirahman telah logout
[SUCCESSFULLY]-[26-03-2025 09:53:15]  romirahman Berhasil Login
[SUCCESSFULLY]-[26-03-2025 09:53:33]  User romirahman telah logout
[SUCCESSFULLY]-[26-03-2025 09:55:36]  romirahman Berhasil Login
[SUCCESSFULLY]-[26-03-2025 09:55:43]  User romirahman telah logout
[SUCCESSFULLY]-[26-03-2025 10:06:00]  romirahman Berhasil Login
[SUCCESSFULLY]-[08-04-2025 08:59:51]  romirahman Berhasil Login
[SUCCESSFULLY]-[08-04-2025 08:59:57]  User romirahman telah logout
[SUCCESSFULLY]-[09-04-2025 09:01:43]  romirahman Berhasil Login
[SUCCESSFULLY]-[09-04-2025 09:51:31]  romirahman Berhasil Login
[SUCCESSFULLY]-[09-04-2025 10:58:13]  User romirahman telah logout
[SUCCESSFULLY]-[09-04-2025 10:58:16]  romirahman Berhasil Login
[SUCCESSFULLY]-[09-04-2025 11:08:24]  User romirahman telah logout
[SUCCESSFULLY]-[15-04-2025 08:30:53]  romirahman Berhasil Login
[SUCCESSFULLY]-[15-04-2025 08:35:33]  romirahman Berhasil Login
[SUCCESSFULLY]-[15-04-2025 08:37:27]  User romirahman telah logout
[SUCCESSFULLY]-[15-04-2025 08:37:50]  romirahman Berhasil Login
[SUCCESSFULLY]-[15-04-2025 08:41:04]  romirahman edit data User dengan ID 18
[SUCCESSFULLY]-[15-04-2025 08:52:03]  User romirahman telah logout
[SUCCESSFULLY]-[15-04-2025 08:52:40]  romirahman Berhasil Login
[SUCCESSFULLY]-[15-04-2025 08:53:09]  romirahman Berhasil Login
[SUCCESSFULLY]-[15-04-2025 08:53:39]  User romirahman telah logout
[SUCCESSFULLY]-[15-04-2025 09:22:42]  romirahman Berhasil Login
